#
# There is insufficient memory for the Java Runtime Environment to continue.
# Native memory allocation (mmap) failed to map 65536 bytes for Failed to commit metaspace.
# Possible reasons:
#   The system is out of physical RAM or swap space
#   The process is running with CompressedOops enabled, and the Java Heap may be blocking the growth of the native heap
# Possible solutions:
#   Reduce memory load on the system
#   Increase physical memory or swap space
#   Check if swap backing store is full
#   Decrease Java heap size (-Xmx/-Xms)
#   Decrease number of Java threads
#   Decrease Java thread stack sizes (-Xss)
#   Set larger code cache with -XX:ReservedCodeCacheSize=
#   JVM is running with Unscaled Compressed Oops mode in which the Java heap is
#     placed in the first 4GB address space. The Java Heap base address is the
#     maximum limit for the native heap growth. Please use -XX:HeapBaseMinAddress
#     to set the Java Heap base and to place the Java Heap above 4GB virtual address.
# This output file may be truncated or incomplete.
#
#  Out of Memory Error (virtualSpaceNode.cpp:110), pid=7008, tid=5880
#
# JRE version: Java(TM) SE Runtime Environment (17.0.7+8) (build 17.0.7+8-LTS-224)
# Java VM: Java HotSpot(TM) 64-Bit Server VM (17.0.7+8-LTS-224, mixed mode, emulated-client, sharing, tiered, compressed oops, compressed class ptrs, g1 gc, windows-amd64)
# No core dump will be written. Minidumps are not enabled by default on client versions of Windows
#

---------------  S U M M A R Y ------------

Command Line: -XX:TieredStopAtLevel=1 -Dspring.output.ansi.enabled=always -Dcom.sun.management.jmxremote -Dspring.jmx.enabled=true -Dspring.liveBeansView.mbeanDomain -Dspring.application.admin.enabled=true -Dmanagement.endpoints.jmx.exposure.include=* -javaagent:C:\Program Files\JetBrains\IntelliJ IDEA 2023.2\lib\idea_rt.jar=54327:C:\Program Files\JetBrains\IntelliJ IDEA 2023.2\bin -Dfile.encoding=UTF-8 com.demo.ebankingbackend.EBankingBackendApplication

Host: Intel(R) Core(TM) i5-7300U CPU @ 2.60GHz, 4 cores, 7G,  Windows 10 , 64 bit Build 19041 (10.0.19041.3155)
Time: Sun Aug 13 05:40:00 2023 Morocco Summer Time elapsed time: 1.785824 seconds (0d 0h 0m 1s)

---------------  T H R E A D  ---------------

Current thread (0x0000028b36581c10):  JavaThread "Attach Listener" daemon [_thread_in_vm, id=5880, stack(0x000000dbddd00000,0x000000dbdde00000)]

Stack: [0x000000dbddd00000,0x000000dbdde00000]
Native frames: (J=compiled Java code, j=interpreted, Vv=VM code, C=native code)
V  [jvm.dll+0x676a4a]
V  [jvm.dll+0x7d74f4]
V  [jvm.dll+0x7d8c9e]
V  [jvm.dll+0x7d9303]
V  [jvm.dll+0x2452c5]
V  [jvm.dll+0x7d35fb]
V  [jvm.dll+0x61ca36]
V  [jvm.dll+0x61ca9a]
V  [jvm.dll+0x61f2bd]
V  [jvm.dll+0x61d3f6]
V  [jvm.dll+0x242d9c]
V  [jvm.dll+0x6cd2bd]
V  [jvm.dll+0x6cdcbf]
V  [jvm.dll+0x36df95]
V  [jvm.dll+0x36d044]
V  [jvm.dll+0x36cfe8]
V  [jvm.dll+0x37ce1a]
C  0x0000028b2c6d9ad7

Java frames: (J=compiled Java code, j=interpreted, Vv=VM code)
j  java.util.stream.SortedOps.makeRef(Ljava/util/stream/AbstractPipeline;)Ljava/util/stream/Stream;+0 java.base@17.0.7
j  java.util.stream.ReferencePipeline.sorted()Ljava/util/stream/Stream;+1 java.base@17.0.7
j  sun.util.cldr.CLDRTimeZoneNameProviderImpl$AVAILABLE_IDS.<clinit>()V+6 java.base@17.0.7
v  ~StubRoutines::call_stub
j  sun.util.cldr.CLDRTimeZoneNameProviderImpl.getDisplayNameArray(Ljava/lang/String;Ljava/util/Locale;)[Ljava/lang/String;+208 java.base@17.0.7
j  sun.util.locale.provider.TimeZoneNameProviderImpl.getDisplayName(Ljava/lang/String;ZILjava/util/Locale;)Ljava/lang/String;+4 java.base@17.0.7
j  sun.util.locale.provider.TimeZoneNameUtility$TimeZoneNameGetter.getName(Ljava/util/spi/TimeZoneNameProvider;Ljava/util/Locale;Ljava/lang/String;ILjava/lang/String;)Ljava/lang/String;+126 java.base@17.0.7
j  sun.util.locale.provider.TimeZoneNameUtility$TimeZoneNameGetter.getObject(Ljava/util/spi/TimeZoneNameProvider;Ljava/util/Locale;Ljava/lang/String;[Ljava/lang/Object;)Ljava/lang/String;+49 java.base@17.0.7
j  sun.util.locale.provider.TimeZoneNameUtility$TimeZoneNameGetter.getObject(Ljava/util/spi/LocaleServiceProvider;Ljava/util/Locale;Ljava/lang/String;[Ljava/lang/Object;)Ljava/lang/Object;+9 java.base@17.0.7
j  sun.util.locale.provider.LocaleServiceProviderPool.getLocalizedObjectImpl(Lsun/util/locale/provider/LocaleServiceProviderPool$LocalizedObjectGetter;Ljava/util/Locale;ZLjava/lang/String;[Ljava/lang/Object;)Ljava/lang/Object;+93 java.base@17.0.7
j  sun.util.locale.provider.LocaleServiceProviderPool.getLocalizedObject(Lsun/util/locale/provider/LocaleServiceProviderPool$LocalizedObjectGetter;Ljava/util/Locale;Ljava/lang/String;[Ljava/lang/Object;)Ljava/lang/Object;+7 java.base@17.0.7
j  sun.util.locale.provider.TimeZoneNameUtility.retrieveDisplayNamesImpl(Ljava/lang/String;Ljava/util/Locale;)[Ljava/lang/String;+140 java.base@17.0.7
j  sun.util.locale.provider.TimeZoneNameUtility.retrieveDisplayName(Ljava/lang/String;ZILjava/util/Locale;)Ljava/lang/String;+2 java.base@17.0.7
j  java.util.TimeZone.getDisplayName(ZILjava/util/Locale;)Ljava/lang/String;+47 java.base@17.0.7
j  java.util.Date.toString()Ljava/lang/String;+150 java.base@17.0.7
j  java.util.Properties.store0(Ljava/io/BufferedWriter;Ljava/lang/String;Z)V+29 java.base@17.0.7
j  java.util.Properties.store(Ljava/io/OutputStream;Ljava/lang/String;)V+21 java.base@17.0.7
j  jdk.internal.vm.VMSupport.serializePropertiesToByteArray(Ljava/util/Properties;)[B+77 java.base@17.0.7
j  jdk.internal.vm.VMSupport.serializeAgentPropertiesToByteArray()[B+3 java.base@17.0.7
v  ~StubRoutines::call_stub

---------------  P R O C E S S  ---------------

Threads class SMR info:
_java_thread_list=0x0000028b3755ebb0, length=15, elements={
0x0000028b24e44e00, 0x0000028b3656c960, 0x0000028b3656de80, 0x0000028b36581150,
0x0000028b36581c10, 0x0000028b36584c80, 0x0000028b36585ce0, 0x0000028b3658a240,
0x0000028b365ab2f0, 0x0000028b3660e810, 0x0000028b36558170, 0x0000028b37083450,
0x0000028b37463630, 0x0000028b373fc220, 0x0000028b3756c5e0
}

Java Threads: ( => current thread )
  0x0000028b24e44e00 JavaThread "main" [_thread_in_vm, id=9052, stack(0x000000dbdd300000,0x000000dbdd400000)]
  0x0000028b3656c960 JavaThread "Reference Handler" daemon [_thread_blocked, id=7564, stack(0x000000dbdda00000,0x000000dbddb00000)]
  0x0000028b3656de80 JavaThread "Finalizer" daemon [_thread_blocked, id=5428, stack(0x000000dbddb00000,0x000000dbddc00000)]
  0x0000028b36581150 JavaThread "Signal Dispatcher" daemon [_thread_blocked, id=9416, stack(0x000000dbddc00000,0x000000dbddd00000)]
=>0x0000028b36581c10 JavaThread "Attach Listener" daemon [_thread_in_vm, id=5880, stack(0x000000dbddd00000,0x000000dbdde00000)]
  0x0000028b36584c80 JavaThread "Service Thread" daemon [_thread_blocked, id=8952, stack(0x000000dbdde00000,0x000000dbddf00000)]
  0x0000028b36585ce0 JavaThread "Monitor Deflation Thread" daemon [_thread_blocked, id=1824, stack(0x000000dbddf00000,0x000000dbde000000)]
  0x0000028b3658a240 JavaThread "C1 CompilerThread0" daemon [_thread_blocked, id=728, stack(0x000000dbde000000,0x000000dbde100000)]
  0x0000028b365ab2f0 JavaThread "Sweeper thread" daemon [_thread_blocked, id=10508, stack(0x000000dbde100000,0x000000dbde200000)]
  0x0000028b3660e810 JavaThread "Common-Cleaner" daemon [_thread_blocked, id=9640, stack(0x000000dbde200000,0x000000dbde300000)]
  0x0000028b36558170 JavaThread "C1 CompilerThread1" daemon [_thread_blocked, id=10424, stack(0x000000dbde300000,0x000000dbde400000)]
  0x0000028b37083450 JavaThread "C1 CompilerThread2" daemon [_thread_blocked, id=5216, stack(0x000000dbde400000,0x000000dbde500000)]
  0x0000028b37463630 JavaThread "Monitor Ctrl-Break" daemon [_thread_in_native, id=6704, stack(0x000000dbde500000,0x000000dbde600000)]
  0x0000028b373fc220 JavaThread "Notification Thread" daemon [_thread_blocked, id=7996, stack(0x000000dbde600000,0x000000dbde700000)]
  0x0000028b3756c5e0 JavaThread "RMI TCP Accept-0" daemon [_thread_in_native, id=6388, stack(0x000000dbde700000,0x000000dbde800000)]

Other Threads:
  0x0000028b365676b0 VMThread "VM Thread" [stack: 0x000000dbdd900000,0x000000dbdda00000] [id=3020]
  0x0000028b24e45a60 WatcherThread [stack: 0x000000dbde800000,0x000000dbde900000] [id=7392]
  0x0000028b24e9ced0 GCTaskThread "GC Thread#0" [stack: 0x000000dbdd400000,0x000000dbdd500000] [id=388]
  0x0000028b375e1200 GCTaskThread "GC Thread#1" [stack: 0x000000dbde900000,0x000000dbdea00000] [id=7804]
  0x0000028b375e14b0 GCTaskThread "GC Thread#2" [stack: 0x000000dbdea00000,0x000000dbdeb00000] [id=3600]
  0x0000028b3786c5e0 GCTaskThread "GC Thread#3" [stack: 0x000000dbdeb00000,0x000000dbdec00000] [id=7236]
  0x0000028b22e0dea0 ConcurrentGCThread "G1 Main Marker" [stack: 0x000000dbdd500000,0x000000dbdd600000] [id=6724]
  0x0000028b22e0e7c0 ConcurrentGCThread "G1 Conc#0" [stack: 0x000000dbdd600000,0x000000dbdd700000] [id=2180]
  0x0000028b24f01aa0 ConcurrentGCThread "G1 Refine#0" [stack: 0x000000dbdd700000,0x000000dbdd800000] [id=5956]
  0x0000028b375d9960 ConcurrentGCThread "G1 Refine#1" [stack: 0x000000dbdec00000,0x000000dbded00000] [id=2756]
  0x0000028b364305f0 ConcurrentGCThread "G1 Service" [stack: 0x000000dbdd800000,0x000000dbdd900000] [id=10184]

Threads with active compile tasks:

VM state: not at safepoint (normal execution)

VM Mutex/Monitor currently owned by a thread:  ([mutex/lock_event])
[0x0000028b24e3e700] Metaspace_lock - owner thread: 0x0000028b36581c10

Heap address: 0x0000000081c00000, size: 2020 MB, Compressed Oops mode: 32-bit

CDS archive(s) mapped at: [0x0000000800000000-0x0000000800bd0000-0x0000000800bd0000), size 12386304, SharedBaseAddress: 0x0000000800000000, ArchiveRelocationMode: 0.
Compressed class space mapped at: 0x0000000800c00000-0x0000000840c00000, reserved size: 1073741824
Narrow klass base: 0x0000000800000000, Narrow klass shift: 0, Narrow klass range: 0x100000000

GC Precious Log:
 CPUs: 4 total, 4 available
 Memory: 8073M
 Large Page Support: Disabled
 NUMA Support: Disabled
 Compressed Oops: Enabled (32-bit)
 Heap Region Size: 1M
 Heap Min Capacity: 8M
 Heap Initial Capacity: 128M
 Heap Max Capacity: 2020M
 Pre-touch: Disabled
 Parallel Workers: 4
 Concurrent Workers: 1
 Concurrent Refinement Workers: 4
 Periodic GC: Disabled

Heap:
 garbage-first heap   total 131072K, used 12903K [0x0000000081c00000, 0x0000000100000000)
  region size 1024K, 9 young (9216K), 2 survivors (2048K)
 Metaspace       used 6934K, committed 7168K, reserved 1056768K
  class space    used 871K, committed 1024K, reserved 1048576K

Heap Regions: E=young(eden), S=young(survivor), O=old, HS=humongous(starts), HC=humongous(continues), CS=collection set, F=free, OA=open archive, CA=closed archive, TAMS=top-at-mark-start (previous, next)
|   0|0x0000000081c00000, 0x0000000081d00000, 0x0000000081d00000|100%|HS|  |TAMS 0x0000000081c00000, 0x0000000081c00000| Complete 
|   1|0x0000000081d00000, 0x0000000081e00000, 0x0000000081e00000|100%| O|  |TAMS 0x0000000081d00000, 0x0000000081d00000| Untracked 
|   2|0x0000000081e00000, 0x0000000081f00000, 0x0000000081f00000|100%| O|  |TAMS 0x0000000081e00000, 0x0000000081e00000| Untracked 
|   3|0x0000000081f00000, 0x0000000082000000, 0x0000000082000000|100%| O|  |TAMS 0x0000000081f00000, 0x0000000081f00000| Untracked 
|   4|0x0000000082000000, 0x0000000082099c00, 0x0000000082100000| 60%| O|  |TAMS 0x0000000082000000, 0x0000000082000000| Untracked 
|   5|0x0000000082100000, 0x0000000082100000, 0x0000000082200000|  0%| F|  |TAMS 0x0000000082100000, 0x0000000082100000| Untracked 
|   6|0x0000000082200000, 0x0000000082200000, 0x0000000082300000|  0%| F|  |TAMS 0x0000000082200000, 0x0000000082200000| Untracked 
|   7|0x0000000082300000, 0x0000000082300000, 0x0000000082400000|  0%| F|  |TAMS 0x0000000082300000, 0x0000000082300000| Untracked 
|   8|0x0000000082400000, 0x0000000082400000, 0x0000000082500000|  0%| F|  |TAMS 0x0000000082400000, 0x0000000082400000| Untracked 
|   9|0x0000000082500000, 0x0000000082500000, 0x0000000082600000|  0%| F|  |TAMS 0x0000000082500000, 0x0000000082500000| Untracked 
|  10|0x0000000082600000, 0x0000000082600000, 0x0000000082700000|  0%| F|  |TAMS 0x0000000082600000, 0x0000000082600000| Untracked 
|  11|0x0000000082700000, 0x0000000082700000, 0x0000000082800000|  0%| F|  |TAMS 0x0000000082700000, 0x0000000082700000| Untracked 
|  12|0x0000000082800000, 0x0000000082800000, 0x0000000082900000|  0%| F|  |TAMS 0x0000000082800000, 0x0000000082800000| Untracked 
|  13|0x0000000082900000, 0x0000000082900000, 0x0000000082a00000|  0%| F|  |TAMS 0x0000000082900000, 0x0000000082900000| Untracked 
|  14|0x0000000082a00000, 0x0000000082a00000, 0x0000000082b00000|  0%| F|  |TAMS 0x0000000082a00000, 0x0000000082a00000| Untracked 
|  15|0x0000000082b00000, 0x0000000082b00000, 0x0000000082c00000|  0%| F|  |TAMS 0x0000000082b00000, 0x0000000082b00000| Untracked 
|  16|0x0000000082c00000, 0x0000000082c00000, 0x0000000082d00000|  0%| F|  |TAMS 0x0000000082c00000, 0x0000000082c00000| Untracked 
|  17|0x0000000082d00000, 0x0000000082d00000, 0x0000000082e00000|  0%| F|  |TAMS 0x0000000082d00000, 0x0000000082d00000| Untracked 
|  18|0x0000000082e00000, 0x0000000082e00000, 0x0000000082f00000|  0%| F|  |TAMS 0x0000000082e00000, 0x0000000082e00000| Untracked 
|  19|0x0000000082f00000, 0x0000000082f00000, 0x0000000083000000|  0%| F|  |TAMS 0x0000000082f00000, 0x0000000082f00000| Untracked 
|  20|0x0000000083000000, 0x0000000083000000, 0x0000000083100000|  0%| F|  |TAMS 0x0000000083000000, 0x0000000083000000| Untracked 
|  21|0x0000000083100000, 0x0000000083100000, 0x0000000083200000|  0%| F|  |TAMS 0x0000000083100000, 0x0000000083100000| Untracked 
|  22|0x0000000083200000, 0x0000000083200000, 0x0000000083300000|  0%| F|  |TAMS 0x0000000083200000, 0x0000000083200000| Untracked 
|  23|0x0000000083300000, 0x0000000083300000, 0x0000000083400000|  0%| F|  |TAMS 0x0000000083300000, 0x0000000083300000| Untracked 
|  24|0x0000000083400000, 0x0000000083400000, 0x0000000083500000|  0%| F|  |TAMS 0x0000000083400000, 0x0000000083400000| Untracked 
|  25|0x0000000083500000, 0x0000000083500000, 0x0000000083600000|  0%| F|  |TAMS 0x0000000083500000, 0x0000000083500000| Untracked 
|  26|0x0000000083600000, 0x0000000083600000, 0x0000000083700000|  0%| F|  |TAMS 0x0000000083600000, 0x0000000083600000| Untracked 
|  27|0x0000000083700000, 0x0000000083700000, 0x0000000083800000|  0%| F|  |TAMS 0x0000000083700000, 0x0000000083700000| Untracked 
|  28|0x0000000083800000, 0x0000000083800000, 0x0000000083900000|  0%| F|  |TAMS 0x0000000083800000, 0x0000000083800000| Untracked 
|  29|0x0000000083900000, 0x0000000083900000, 0x0000000083a00000|  0%| F|  |TAMS 0x0000000083900000, 0x0000000083900000| Untracked 
|  30|0x0000000083a00000, 0x0000000083a00000, 0x0000000083b00000|  0%| F|  |TAMS 0x0000000083a00000, 0x0000000083a00000| Untracked 
|  31|0x0000000083b00000, 0x0000000083b00000, 0x0000000083c00000|  0%| F|  |TAMS 0x0000000083b00000, 0x0000000083b00000| Untracked 
|  32|0x0000000083c00000, 0x0000000083c00000, 0x0000000083d00000|  0%| F|  |TAMS 0x0000000083c00000, 0x0000000083c00000| Untracked 
|  33|0x0000000083d00000, 0x0000000083d00000, 0x0000000083e00000|  0%| F|  |TAMS 0x0000000083d00000, 0x0000000083d00000| Untracked 
|  34|0x0000000083e00000, 0x0000000083e00000, 0x0000000083f00000|  0%| F|  |TAMS 0x0000000083e00000, 0x0000000083e00000| Untracked 
|  35|0x0000000083f00000, 0x0000000083f00000, 0x0000000084000000|  0%| F|  |TAMS 0x0000000083f00000, 0x0000000083f00000| Untracked 
|  36|0x0000000084000000, 0x0000000084000000, 0x0000000084100000|  0%| F|  |TAMS 0x0000000084000000, 0x0000000084000000| Untracked 
|  37|0x0000000084100000, 0x0000000084100000, 0x0000000084200000|  0%| F|  |TAMS 0x0000000084100000, 0x0000000084100000| Untracked 
|  38|0x0000000084200000, 0x0000000084200000, 0x0000000084300000|  0%| F|  |TAMS 0x0000000084200000, 0x0000000084200000| Untracked 
|  39|0x0000000084300000, 0x0000000084300000, 0x0000000084400000|  0%| F|  |TAMS 0x0000000084300000, 0x0000000084300000| Untracked 
|  40|0x0000000084400000, 0x0000000084400000, 0x0000000084500000|  0%| F|  |TAMS 0x0000000084400000, 0x0000000084400000| Untracked 
|  41|0x0000000084500000, 0x0000000084500000, 0x0000000084600000|  0%| F|  |TAMS 0x0000000084500000, 0x0000000084500000| Untracked 
|  42|0x0000000084600000, 0x0000000084600000, 0x0000000084700000|  0%| F|  |TAMS 0x0000000084600000, 0x0000000084600000| Untracked 
|  43|0x0000000084700000, 0x0000000084700000, 0x0000000084800000|  0%| F|  |TAMS 0x0000000084700000, 0x0000000084700000| Untracked 
|  44|0x0000000084800000, 0x0000000084800000, 0x0000000084900000|  0%| F|  |TAMS 0x0000000084800000, 0x0000000084800000| Untracked 
|  45|0x0000000084900000, 0x0000000084900000, 0x0000000084a00000|  0%| F|  |TAMS 0x0000000084900000, 0x0000000084900000| Untracked 
|  46|0x0000000084a00000, 0x0000000084a00000, 0x0000000084b00000|  0%| F|  |TAMS 0x0000000084a00000, 0x0000000084a00000| Untracked 
|  47|0x0000000084b00000, 0x0000000084b00000, 0x0000000084c00000|  0%| F|  |TAMS 0x0000000084b00000, 0x0000000084b00000| Untracked 
|  48|0x0000000084c00000, 0x0000000084c00000, 0x0000000084d00000|  0%| F|  |TAMS 0x0000000084c00000, 0x0000000084c00000| Untracked 
|  49|0x0000000084d00000, 0x0000000084d00000, 0x0000000084e00000|  0%| F|  |TAMS 0x0000000084d00000, 0x0000000084d00000| Untracked 
|  50|0x0000000084e00000, 0x0000000084e00000, 0x0000000084f00000|  0%| F|  |TAMS 0x0000000084e00000, 0x0000000084e00000| Untracked 
|  51|0x0000000084f00000, 0x0000000084f00000, 0x0000000085000000|  0%| F|  |TAMS 0x0000000084f00000, 0x0000000084f00000| Untracked 
|  52|0x0000000085000000, 0x0000000085000000, 0x0000000085100000|  0%| F|  |TAMS 0x0000000085000000, 0x0000000085000000| Untracked 
|  53|0x0000000085100000, 0x0000000085100000, 0x0000000085200000|  0%| F|  |TAMS 0x0000000085100000, 0x0000000085100000| Untracked 
|  54|0x0000000085200000, 0x0000000085200000, 0x0000000085300000|  0%| F|  |TAMS 0x0000000085200000, 0x0000000085200000| Untracked 
|  55|0x0000000085300000, 0x0000000085300000, 0x0000000085400000|  0%| F|  |TAMS 0x0000000085300000, 0x0000000085300000| Untracked 
|  56|0x0000000085400000, 0x0000000085400000, 0x0000000085500000|  0%| F|  |TAMS 0x0000000085400000, 0x0000000085400000| Untracked 
|  57|0x0000000085500000, 0x0000000085500000, 0x0000000085600000|  0%| F|  |TAMS 0x0000000085500000, 0x0000000085500000| Untracked 
|  58|0x0000000085600000, 0x0000000085600000, 0x0000000085700000|  0%| F|  |TAMS 0x0000000085600000, 0x0000000085600000| Untracked 
|  59|0x0000000085700000, 0x0000000085700000, 0x0000000085800000|  0%| F|  |TAMS 0x0000000085700000, 0x0000000085700000| Untracked 
|  60|0x0000000085800000, 0x0000000085800000, 0x0000000085900000|  0%| F|  |TAMS 0x0000000085800000, 0x0000000085800000| Untracked 
|  61|0x0000000085900000, 0x0000000085900000, 0x0000000085a00000|  0%| F|  |TAMS 0x0000000085900000, 0x0000000085900000| Untracked 
|  62|0x0000000085a00000, 0x0000000085a00000, 0x0000000085b00000|  0%| F|  |TAMS 0x0000000085a00000, 0x0000000085a00000| Untracked 
|  63|0x0000000085b00000, 0x0000000085b00000, 0x0000000085c00000|  0%| F|  |TAMS 0x0000000085b00000, 0x0000000085b00000| Untracked 
|  64|0x0000000085c00000, 0x0000000085c00000, 0x0000000085d00000|  0%| F|  |TAMS 0x0000000085c00000, 0x0000000085c00000| Untracked 
|  65|0x0000000085d00000, 0x0000000085d00000, 0x0000000085e00000|  0%| F|  |TAMS 0x0000000085d00000, 0x0000000085d00000| Untracked 
|  66|0x0000000085e00000, 0x0000000085e00000, 0x0000000085f00000|  0%| F|  |TAMS 0x0000000085e00000, 0x0000000085e00000| Untracked 
|  67|0x0000000085f00000, 0x0000000085f00000, 0x0000000086000000|  0%| F|  |TAMS 0x0000000085f00000, 0x0000000085f00000| Untracked 
|  68|0x0000000086000000, 0x0000000086000000, 0x0000000086100000|  0%| F|  |TAMS 0x0000000086000000, 0x0000000086000000| Untracked 
|  69|0x0000000086100000, 0x0000000086100000, 0x0000000086200000|  0%| F|  |TAMS 0x0000000086100000, 0x0000000086100000| Untracked 
|  70|0x0000000086200000, 0x0000000086200000, 0x0000000086300000|  0%| F|  |TAMS 0x0000000086200000, 0x0000000086200000| Untracked 
|  71|0x0000000086300000, 0x0000000086300000, 0x0000000086400000|  0%| F|  |TAMS 0x0000000086300000, 0x0000000086300000| Untracked 
|  72|0x0000000086400000, 0x0000000086400000, 0x0000000086500000|  0%| F|  |TAMS 0x0000000086400000, 0x0000000086400000| Untracked 
|  73|0x0000000086500000, 0x0000000086500000, 0x0000000086600000|  0%| F|  |TAMS 0x0000000086500000, 0x0000000086500000| Untracked 
|  74|0x0000000086600000, 0x0000000086600000, 0x0000000086700000|  0%| F|  |TAMS 0x0000000086600000, 0x0000000086600000| Untracked 
|  75|0x0000000086700000, 0x0000000086700000, 0x0000000086800000|  0%| F|  |TAMS 0x0000000086700000, 0x0000000086700000| Untracked 
|  76|0x0000000086800000, 0x0000000086800000, 0x0000000086900000|  0%| F|  |TAMS 0x0000000086800000, 0x0000000086800000| Untracked 
|  77|0x0000000086900000, 0x0000000086900000, 0x0000000086a00000|  0%| F|  |TAMS 0x0000000086900000, 0x0000000086900000| Untracked 
|  78|0x0000000086a00000, 0x0000000086a00000, 0x0000000086b00000|  0%| F|  |TAMS 0x0000000086a00000, 0x0000000086a00000| Untracked 
|  79|0x0000000086b00000, 0x0000000086b00000, 0x0000000086c00000|  0%| F|  |TAMS 0x0000000086b00000, 0x0000000086b00000| Untracked 
|  80|0x0000000086c00000, 0x0000000086c00000, 0x0000000086d00000|  0%| F|  |TAMS 0x0000000086c00000, 0x0000000086c00000| Untracked 
|  81|0x0000000086d00000, 0x0000000086d00000, 0x0000000086e00000|  0%| F|  |TAMS 0x0000000086d00000, 0x0000000086d00000| Untracked 
|  82|0x0000000086e00000, 0x0000000086e00000, 0x0000000086f00000|  0%| F|  |TAMS 0x0000000086e00000, 0x0000000086e00000| Untracked 
|  83|0x0000000086f00000, 0x0000000086f00000, 0x0000000087000000|  0%| F|  |TAMS 0x0000000086f00000, 0x0000000086f00000| Untracked 
|  84|0x0000000087000000, 0x0000000087000000, 0x0000000087100000|  0%| F|  |TAMS 0x0000000087000000, 0x0000000087000000| Untracked 
|  85|0x0000000087100000, 0x0000000087100000, 0x0000000087200000|  0%| F|  |TAMS 0x0000000087100000, 0x0000000087100000| Untracked 
|  86|0x0000000087200000, 0x0000000087200000, 0x0000000087300000|  0%| F|  |TAMS 0x0000000087200000, 0x0000000087200000| Untracked 
|  87|0x0000000087300000, 0x0000000087300000, 0x0000000087400000|  0%| F|  |TAMS 0x0000000087300000, 0x0000000087300000| Untracked 
|  88|0x0000000087400000, 0x0000000087400000, 0x0000000087500000|  0%| F|  |TAMS 0x0000000087400000, 0x0000000087400000| Untracked 
|  89|0x0000000087500000, 0x0000000087500000, 0x0000000087600000|  0%| F|  |TAMS 0x0000000087500000, 0x0000000087500000| Untracked 
|  90|0x0000000087600000, 0x0000000087600000, 0x0000000087700000|  0%| F|  |TAMS 0x0000000087600000, 0x0000000087600000| Untracked 
|  91|0x0000000087700000, 0x0000000087700000, 0x0000000087800000|  0%| F|  |TAMS 0x0000000087700000, 0x0000000087700000| Untracked 
|  92|0x0000000087800000, 0x0000000087800000, 0x0000000087900000|  0%| F|  |TAMS 0x0000000087800000, 0x0000000087800000| Untracked 
|  93|0x0000000087900000, 0x0000000087900000, 0x0000000087a00000|  0%| F|  |TAMS 0x0000000087900000, 0x0000000087900000| Untracked 
|  94|0x0000000087a00000, 0x0000000087a00000, 0x0000000087b00000|  0%| F|  |TAMS 0x0000000087a00000, 0x0000000087a00000| Untracked 
|  95|0x0000000087b00000, 0x0000000087b00000, 0x0000000087c00000|  0%| F|  |TAMS 0x0000000087b00000, 0x0000000087b00000| Untracked 
|  96|0x0000000087c00000, 0x0000000087c00000, 0x0000000087d00000|  0%| F|  |TAMS 0x0000000087c00000, 0x0000000087c00000| Untracked 
|  97|0x0000000087d00000, 0x0000000087d00000, 0x0000000087e00000|  0%| F|  |TAMS 0x0000000087d00000, 0x0000000087d00000| Untracked 
|  98|0x0000000087e00000, 0x0000000087e00000, 0x0000000087f00000|  0%| F|  |TAMS 0x0000000087e00000, 0x0000000087e00000| Untracked 
|  99|0x0000000087f00000, 0x0000000087f00000, 0x0000000088000000|  0%| F|  |TAMS 0x0000000087f00000, 0x0000000087f00000| Untracked 
| 100|0x0000000088000000, 0x0000000088000000, 0x0000000088100000|  0%| F|  |TAMS 0x0000000088000000, 0x0000000088000000| Untracked 
| 101|0x0000000088100000, 0x0000000088100000, 0x0000000088200000|  0%| F|  |TAMS 0x0000000088100000, 0x0000000088100000| Untracked 
| 102|0x0000000088200000, 0x0000000088200000, 0x0000000088300000|  0%| F|  |TAMS 0x0000000088200000, 0x0000000088200000| Untracked 
| 103|0x0000000088300000, 0x0000000088300000, 0x0000000088400000|  0%| F|  |TAMS 0x0000000088300000, 0x0000000088300000| Untracked 
| 104|0x0000000088400000, 0x0000000088400000, 0x0000000088500000|  0%| F|  |TAMS 0x0000000088400000, 0x0000000088400000| Untracked 
| 105|0x0000000088500000, 0x0000000088500000, 0x0000000088600000|  0%| F|  |TAMS 0x0000000088500000, 0x0000000088500000| Untracked 
| 106|0x0000000088600000, 0x0000000088600000, 0x0000000088700000|  0%| F|  |TAMS 0x0000000088600000, 0x0000000088600000| Untracked 
| 107|0x0000000088700000, 0x0000000088700000, 0x0000000088800000|  0%| F|  |TAMS 0x0000000088700000, 0x0000000088700000| Untracked 
| 108|0x0000000088800000, 0x0000000088800000, 0x0000000088900000|  0%| F|  |TAMS 0x0000000088800000, 0x0000000088800000| Untracked 
| 109|0x0000000088900000, 0x0000000088900000, 0x0000000088a00000|  0%| F|  |TAMS 0x0000000088900000, 0x0000000088900000| Untracked 
| 110|0x0000000088a00000, 0x0000000088a00000, 0x0000000088b00000|  0%| F|  |TAMS 0x0000000088a00000, 0x0000000088a00000| Untracked 
| 111|0x0000000088b00000, 0x0000000088b00000, 0x0000000088c00000|  0%| F|  |TAMS 0x0000000088b00000, 0x0000000088b00000| Untracked 
| 112|0x0000000088c00000, 0x0000000088c00000, 0x0000000088d00000|  0%| F|  |TAMS 0x0000000088c00000, 0x0000000088c00000| Untracked 
| 113|0x0000000088d00000, 0x0000000088e00000, 0x0000000088e00000|100%| S|CS|TAMS 0x0000000088d00000, 0x0000000088d00000| Complete 
| 114|0x0000000088e00000, 0x0000000088f00000, 0x0000000088f00000|100%| S|CS|TAMS 0x0000000088e00000, 0x0000000088e00000| Complete 
| 115|0x0000000088f00000, 0x0000000088f00000, 0x0000000089000000|  0%| F|  |TAMS 0x0000000088f00000, 0x0000000088f00000| Untracked 
| 116|0x0000000089000000, 0x0000000089000000, 0x0000000089100000|  0%| F|  |TAMS 0x0000000089000000, 0x0000000089000000| Untracked 
| 117|0x0000000089100000, 0x0000000089100000, 0x0000000089200000|  0%| F|  |TAMS 0x0000000089100000, 0x0000000089100000| Untracked 
| 118|0x0000000089200000, 0x0000000089200000, 0x0000000089300000|  0%| F|  |TAMS 0x0000000089200000, 0x0000000089200000| Untracked 
| 119|0x0000000089300000, 0x0000000089300000, 0x0000000089400000|  0%| F|  |TAMS 0x0000000089300000, 0x0000000089300000| Untracked 
| 120|0x0000000089400000, 0x0000000089400000, 0x0000000089500000|  0%| F|  |TAMS 0x0000000089400000, 0x0000000089400000| Untracked 
| 121|0x0000000089500000, 0x0000000089573d30, 0x0000000089600000| 45%| E|  |TAMS 0x0000000089500000, 0x0000000089500000| Complete 
| 122|0x0000000089600000, 0x0000000089700000, 0x0000000089700000|100%| E|CS|TAMS 0x0000000089600000, 0x0000000089600000| Complete 
| 123|0x0000000089700000, 0x0000000089800000, 0x0000000089800000|100%| E|CS|TAMS 0x0000000089700000, 0x0000000089700000| Complete 
| 124|0x0000000089800000, 0x0000000089900000, 0x0000000089900000|100%| E|CS|TAMS 0x0000000089800000, 0x0000000089800000| Complete 
| 125|0x0000000089900000, 0x0000000089a00000, 0x0000000089a00000|100%| E|CS|TAMS 0x0000000089900000, 0x0000000089900000| Complete 
| 126|0x0000000089a00000, 0x0000000089b00000, 0x0000000089b00000|100%| E|CS|TAMS 0x0000000089a00000, 0x0000000089a00000| Complete 
| 127|0x0000000089b00000, 0x0000000089c00000, 0x0000000089c00000|100%| E|CS|TAMS 0x0000000089b00000, 0x0000000089b00000| Complete 

Card table byte_map: [0x0000028b2fac0000,0x0000028b2fec0000] _byte_map_base: 0x0000028b2f6b2000

Marking Bits (Prev, Next): (CMBitMap*) 0x0000028b24e9d3f0, (CMBitMap*) 0x0000028b24e9d430
 Prev Bits: [0x0000028b302c0000, 0x0000028b32250000)
 Next Bits: [0x0000028b32250000, 0x0000028b341e0000)

Polling page: 0x0000028b24610000

Metaspace:

Usage:
  Non-class:      5.92 MB used.
      Class:    871.41 KB used.
       Both:      6.77 MB used.

Virtual space:
  Non-class space:        8.00 MB reserved,       6.00 MB ( 75%) committed,  1 nodes.
      Class space:        1.00 GB reserved,       1.00 MB ( <1%) committed,  1 nodes.
             Both:        1.01 GB reserved,       7.00 MB ( <1%) committed. 

Chunk freelists:
   Non-Class:  1.28 MB
       Class:  2.98 MB
        Both:  4.27 MB

MaxMetaspaceSize: unlimited
CompressedClassSpaceSize: 1.00 GB
Initial GC threshold: 21.00 MB
Current GC threshold: 21.00 MB
CDS: on
MetaspaceReclaimPolicy: balanced
 - commit_granule_bytes: 65536.
 - commit_granule_words: 8192.
 - virtual_space_node_default_size: 1048576.
 - enlarge_chunks_in_place: 1.
 - new_chunks_are_fully_committed: 0.
 - uncommit_free_chunks: 1.
 - use_allocation_guard: 0.
 - handle_deallocations: 1.


Internal statistics:

num_allocs_failed_limit: 0.
num_arena_births: 108.
num_arena_deaths: 0.
num_vsnodes_births: 2.
num_vsnodes_deaths: 0.
num_space_committed: 112.
num_space_uncommitted: 0.
num_chunks_returned_to_freelist: 0.
num_chunks_taken_from_freelist: 220.
num_chunk_merges: 0.
num_chunk_splits: 134.
num_chunks_enlarged: 90.
num_purges: 0.
num_inconsistent_stats: 0.

CodeCache: size=49152Kb used=3955Kb max_used=3955Kb free=45196Kb
 bounds [0x0000028b2c6c0000, 0x0000028b2caa0000, 0x0000028b2f6c0000]
 total_blobs=1650 nmethods=1201 adapters=375
 compilation: enabled
              stopped_count=0, restarted_count=0
 full_count=0

Compilation events (20 events):
Event: 1.773 Thread 0x0000028b3658a240 1190       1       java.util.concurrent.locks.AbstractOwnableSynchronizer::<init> (5 bytes)
Event: 1.773 Thread 0x0000028b3658a240 nmethod 1190 0x0000028b2ca99e10 code [0x0000028b2ca99fa0, 0x0000028b2ca9a058]
Event: 1.773 Thread 0x0000028b37083450 1191       1       java.util.concurrent.locks.ReentrantLock$NonfairSync::<init> (5 bytes)
Event: 1.773 Thread 0x0000028b37083450 nmethod 1191 0x0000028b2ca9a110 code [0x0000028b2ca9a2a0, 0x0000028b2ca9a358]
Event: 1.774 Thread 0x0000028b36558170 1192       1       java.util.concurrent.locks.ReentrantLock$Sync::<init> (5 bytes)
Event: 1.774 Thread 0x0000028b36558170 nmethod 1192 0x0000028b2ca9a410 code [0x0000028b2ca9a5a0, 0x0000028b2ca9a658]
Event: 1.774 Thread 0x0000028b3658a240 1193       1       java.util.concurrent.locks.ReentrantLock::<init> (16 bytes)
Event: 1.774 Thread 0x0000028b3658a240 nmethod 1193 0x0000028b2ca9a710 code [0x0000028b2ca9a8a0, 0x0000028b2ca9aa18]
Event: 1.774 Thread 0x0000028b37083450 1194       1       java.util.concurrent.atomic.AtomicInteger::<init> (5 bytes)
Event: 1.775 Thread 0x0000028b37083450 nmethod 1194 0x0000028b2ca9aa90 code [0x0000028b2ca9ac20, 0x0000028b2ca9acd8]
Event: 1.775 Thread 0x0000028b36558170 1195       1       org.springframework.util.ConcurrentReferenceHashMap$Segment::createReferenceArray (5 bytes)
Event: 1.775 Thread 0x0000028b36558170 nmethod 1195 0x0000028b2ca9ad90 code [0x0000028b2ca9af20, 0x0000028b2ca9b078]
Event: 1.775 Thread 0x0000028b3658a240 1196       1       org.springframework.util.ConcurrentReferenceHashMap$Segment::<init> (48 bytes)
Event: 1.775 Thread 0x0000028b3658a240 nmethod 1196 0x0000028b2ca9b110 code [0x0000028b2ca9b2e0, 0x0000028b2ca9b918]
Event: 1.775 Thread 0x0000028b37083450 1197       1       org.springframework.util.ConcurrentReferenceHashMap::createReferenceManager (9 bytes)
Event: 1.776 Thread 0x0000028b36558170 1198       1       org.springframework.util.ConcurrentReferenceHashMap$ReferenceManager::<init> (21 bytes)
Event: 1.776 Thread 0x0000028b37083450 nmethod 1197 0x0000028b2ca9bb10 code [0x0000028b2ca9bcc0, 0x0000028b2ca9bfb8]
Event: 1.776 Thread 0x0000028b36558170 nmethod 1198 0x0000028b2ca9c090 code [0x0000028b2ca9c220, 0x0000028b2ca9c4b8]
Event: 1.779 Thread 0x0000028b3658a240 1200       1       java.lang.invoke.InnerClassLambdaMetafactory::getOpcodeOffset (38 bytes)
Event: 1.780 Thread 0x0000028b3658a240 nmethod 1200 0x0000028b2ca9c890 code [0x0000028b2ca9ca40, 0x0000028b2ca9cbf8]

GC Heap History (2 events):
Event: 1.482 GC heap before
{Heap before GC invocations=0 (full 0):
 garbage-first heap   total 131072K, used 13312K [0x0000000081c00000, 0x0000000100000000)
  region size 1024K, 13 young (13312K), 0 survivors (0K)
 Metaspace       used 5452K, committed 5632K, reserved 1056768K
  class space    used 665K, committed 768K, reserved 1048576K
}
Event: 1.489 GC heap after
{Heap after GC invocations=1 (full 0):
 garbage-first heap   total 131072K, used 6759K [0x0000000081c00000, 0x0000000100000000)
  region size 1024K, 2 young (2048K), 2 survivors (2048K)
 Metaspace       used 5452K, committed 5632K, reserved 1056768K
  class space    used 665K, committed 768K, reserved 1048576K
}

Deoptimization events (0 events):
No events

Classes unloaded (0 events):
No events

Classes redefined (0 events):
No events

Internal exceptions (20 events):
Event: 0.696 Thread 0x0000028b37463630 Exception <a 'java/lang/NoSuchMethodError'{0x00000000895a5f28}: 'void java.lang.invoke.DirectMethodHandle$Holder.invokeStatic(java.lang.Object, java.lang.Object)'> (0x00000000895a5f28) 
thrown [s\open\src\hotspot\share\interpreter\linkResolver.cpp, line 759]
Event: 0.778 Thread 0x0000028b24e44e00 Exception <a 'java/lang/NoSuchMethodError'{0x00000000895d76f8}: 'int java.lang.invoke.DirectMethodHandle$Holder.invokeInterface(java.lang.Object, java.lang.Object)'> (0x00000000895d76f8) 
thrown [s\open\src\hotspot\share\interpreter\linkResolver.cpp, line 759]
Event: 0.779 Thread 0x0000028b24e44e00 Exception <a 'java/lang/IncompatibleClassChangeError'{0x00000000895dacf8}: Found class java.lang.Object, but interface was expected> (0x00000000895dacf8) 
thrown [s\open\src\hotspot\share\interpreter\linkResolver.cpp, line 826]
Event: 0.920 Thread 0x0000028b24e44e00 Exception <a 'java/lang/NoSuchMethodError'{0x00000000894a65b8}: 'int java.lang.invoke.DirectMethodHandle$Holder.invokeSpecial(java.lang.Object, java.lang.Object, java.lang.Object)'> (0x00000000894a65b8) 
thrown [s\open\src\hotspot\share\interpreter\linkResolver.cpp, line 759]
Event: 1.034 Thread 0x0000028b24e44e00 Exception <a 'java/lang/NoSuchMethodError'{0x00000000893a2480}: 'void java.lang.invoke.DirectMethodHandle$Holder.invokeStatic(java.lang.Object, java.lang.Object, java.lang.Object)'> (0x00000000893a2480) 
thrown [s\open\src\hotspot\share\interpreter\linkResolver.cpp, line 759]
Event: 1.057 Thread 0x0000028b24e44e00 Exception <a 'java/lang/NoSuchMethodError'{0x00000000893df100}: 'int java.lang.invoke.DirectMethodHandle$Holder.invokeSpecialIFC(java.lang.Object, java.lang.Object, java.lang.Object)'> (0x00000000893df100) 
thrown [s\open\src\hotspot\share\interpreter\linkResolver.cpp, line 759]
Event: 1.103 Thread 0x0000028b24e44e00 Exception <a 'java/lang/NoSuchMethodError'{0x00000000892557f8}: 'java.lang.Object java.lang.invoke.DirectMethodHandle$Holder.invokeStaticInit(java.lang.Object, int, int, int, int)'> (0x00000000892557f8) 
thrown [s\open\src\hotspot\share\interpreter\linkResolver.cpp, line 759]
Event: 1.180 Thread 0x0000028b24e44e00 Exception <a 'java/lang/NoSuchMethodError'{0x000000008927cda8}: 'java.lang.Object java.lang.invoke.DirectMethodHandle$Holder.invokeStaticInit(java.lang.Object, java.lang.Object, int, int, int, int)'> (0x000000008927cda8) 
thrown [s\open\src\hotspot\share\interpreter\linkResolver.cpp, line 759]
Event: 1.203 Thread 0x0000028b24e44e00 Exception <a 'java/lang/ClassNotFoundException'{0x000000008929b0f0}: javax/management/remote/rmi/RMIServerImpl_Skel> (0x000000008929b0f0) 
thrown [s\open\src\hotspot\share\classfile\systemDictionary.cpp, line 256]
Event: 1.408 Thread 0x0000028b24e44e00 Exception <a 'java/lang/ClassNotFoundException'{0x00000000890fc1c0}: javax/smartcardio/CardPermission> (0x00000000890fc1c0) 
thrown [s\open\src\hotspot\share\classfile\systemDictionary.cpp, line 256]
Event: 1.412 Thread 0x0000028b24e44e00 Exception <a 'java/io/FileNotFoundException'{0x0000000088f0aee0}> (0x0000000088f0aee0) 
thrown [s\open\src\hotspot\share\prims\jni.cpp, line 516]
Event: 1.533 Thread 0x0000028b24e44e00 Exception <a 'java/lang/NoSuchMethodError'{0x0000000089a48a68}: 'void java.lang.invoke.DirectMethodHandle$Holder.invokeStatic(java.lang.Object, java.lang.Object, java.lang.Object, java.lang.Object)'> (0x0000000089a48a68) 
thrown [s\open\src\hotspot\share\interpreter\linkResolver.cpp, line 759]
Event: 1.581 Thread 0x0000028b24e44e00 Exception <a 'java/lang/NoSuchMethodError'{0x0000000089975478}: 'int java.lang.invoke.DirectMethodHandle$Holder.invokeStaticInit(java.lang.Object, java.lang.Object)'> (0x0000000089975478) 
thrown [s\open\src\hotspot\share\interpreter\linkResolver.cpp, line 759]
Event: 1.594 Thread 0x0000028b24e44e00 Exception <a 'java/lang/NoSuchMethodError'{0x00000000899b9428}: 'void java.lang.invoke.DirectMethodHandle$Holder.invokeInterface(java.lang.Object, java.lang.Object, java.lang.Object, java.lang.Object)'> (0x00000000899b9428) 
thrown [s\open\src\hotspot\share\interpreter\linkResolver.cpp, line 759]
Event: 1.691 Thread 0x0000028b24e44e00 Exception <a 'java/lang/NoSuchMethodError'{0x000000008975f5b0}: 'java.lang.Object java.lang.invoke.DirectMethodHandle$Holder.invokeInterface(java.lang.Object, java.lang.Object)'> (0x000000008975f5b0) 
thrown [s\open\src\hotspot\share\interpreter\linkResolver.cpp, line 759]
Event: 1.709 Thread 0x0000028b24e44e00 Exception <a 'java/lang/NoSuchMethodError'{0x00000000897a2430}: 'java.lang.Object java.lang.invoke.DirectMethodHandle$Holder.invokeSpecialIFC(java.lang.Object, java.lang.Object, java.lang.Object, java.lang.Object)'> (0x00000000897a2430) 
thrown [s\open\src\hotspot\share\interpreter\linkResolver.cpp, line 759]
Event: 1.713 Thread 0x0000028b24e44e00 Exception <a 'java/lang/NoSuchMethodError'{0x00000000897c0898}: 'java.lang.Object java.lang.invoke.DirectMethodHandle$Holder.invokeInterface(java.lang.Object, java.lang.Object, java.lang.Object)'> (0x00000000897c0898) 
thrown [s\open\src\hotspot\share\interpreter\linkResolver.cpp, line 759]
Event: 1.763 Thread 0x0000028b24e44e00 Exception <a 'java/lang/NoSuchMethodError'{0x0000000089689058}: 'int java.lang.invoke.DirectMethodHandle$Holder.invokeStaticInit(java.lang.Object, java.lang.Object, java.lang.Object)'> (0x0000000089689058) 
thrown [s\open\src\hotspot\share\interpreter\linkResolver.cpp, line 759]
Event: 1.776 Thread 0x0000028b24e44e00 Exception <a 'java/lang/NoSuchMethodError'{0x00000000896edf68}: 'java.lang.Object java.lang.invoke.DirectMethodHandle$Holder.invokeVirtual(java.lang.Object, java.lang.Object, java.lang.Object)'> (0x00000000896edf68) 
thrown [s\open\src\hotspot\share\interpreter\linkResolver.cpp, line 759]
Event: 1.783 Thread 0x0000028b24e44e00 Exception <a 'java/lang/NoSuchMethodError'{0x000000008955cc98}: 'java.lang.Object java.lang.invoke.DirectMethodHandle$Holder.newInvokeSpecial(java.lang.Object, java.lang.Object, java.lang.Object, java.lang.Object, java.lang.Object)'> (0x000000008955cc98) 
thrown [s\open\src\hotspot\share\interpreter\linkResolver.cpp, line 759]

VM Operations (16 events):
Event: 0.171 Executing VM operation: HandshakeAllThreads
Event: 0.171 Executing VM operation: HandshakeAllThreads done
Event: 0.678 Executing VM operation: HandshakeAllThreads
Event: 0.678 Executing VM operation: HandshakeAllThreads done
Event: 0.788 Executing VM operation: HandshakeAllThreads
Event: 0.788 Executing VM operation: HandshakeAllThreads done
Event: 1.084 Executing VM operation: HandshakeAllThreads
Event: 1.084 Executing VM operation: HandshakeAllThreads done
Event: 1.084 Executing VM operation: Cleanup
Event: 1.084 Executing VM operation: Cleanup done
Event: 1.310 Executing VM operation: HandshakeAllThreads
Event: 1.310 Executing VM operation: HandshakeAllThreads done
Event: 1.317 Executing VM operation: HandshakeAllThreads
Event: 1.317 Executing VM operation: HandshakeAllThreads done
Event: 1.482 Executing VM operation: G1CollectForAllocation
Event: 1.489 Executing VM operation: G1CollectForAllocation done

Events (20 events):
Event: 1.772 loading class sun/util/locale/provider/BaseLocaleDataMetaInfo
Event: 1.773 loading class sun/util/locale/provider/BaseLocaleDataMetaInfo done
Event: 1.775 loading class sun/util/resources/cldr/TimeZoneNames
Event: 1.776 loading class sun/util/resources/TimeZoneNamesBundle
Event: 1.776 loading class sun/util/resources/OpenListResourceBundle
Event: 1.776 loading class sun/util/resources/OpenListResourceBundle done
Event: 1.776 loading class sun/util/resources/TimeZoneNamesBundle done
Event: 1.776 loading class sun/util/resources/cldr/TimeZoneNames done
Event: 1.777 loading class sun/util/resources/cldr/TimeZoneNames_en
Event: 1.778 loading class sun/util/resources/cldr/TimeZoneNames_en done
Event: 1.778 loading class sun/util/resources/cldr/TimeZoneNames_en_US
Event: 1.778 loading class sun/util/resources/cldr/TimeZoneNames_en_US done
Event: 1.780 loading class sun/util/cldr/CLDRBaseLocaleDataMetaInfo$TZCanonicalIDMapHolder
Event: 1.781 loading class sun/util/cldr/CLDRBaseLocaleDataMetaInfo$TZCanonicalIDMapHolder done
Event: 1.783 loading class sun/util/cldr/CLDRTimeZoneNameProviderImpl$AVAILABLE_IDS
Event: 1.783 loading class sun/util/cldr/CLDRTimeZoneNameProviderImpl$AVAILABLE_IDS done
Event: 1.783 loading class java/util/stream/SortedOps
Event: 1.783 loading class java/util/stream/SortedOps done
Event: 1.783 loading class java/util/stream/SortedOps$OfRef
Event: 1.783 loading class java/util/stream/SortedOps$OfRef done


Dynamic libraries:
0x00007ff76a350000 - 0x00007ff76a360000 	C:\Program Files\Java\jdk-17\bin\java.exe
0x00007ffb695d0000 - 0x00007ffb697c8000 	C:\Windows\SYSTEM32\ntdll.dll
0x00007ffb692d0000 - 0x00007ffb6938f000 	C:\Windows\System32\KERNEL32.DLL
0x00007ffb66f60000 - 0x00007ffb67256000 	C:\Windows\System32\KERNELBASE.dll
0x00007ffb66dc0000 - 0x00007ffb66ec0000 	C:\Windows\System32\ucrtbase.dll
0x00007ffb44580000 - 0x00007ffb4459b000 	C:\Program Files\Java\jdk-17\bin\VCRUNTIME140.dll
0x00007ffb43860000 - 0x00007ffb43879000 	C:\Program Files\Java\jdk-17\bin\jli.dll
0x00007ffb68b70000 - 0x00007ffb68c1f000 	C:\Windows\System32\ADVAPI32.dll
0x00007ffb68fb0000 - 0x00007ffb6904e000 	C:\Windows\System32\msvcrt.dll
0x00007ffb69080000 - 0x00007ffb6911c000 	C:\Windows\System32\sechost.dll
0x00007ffb68280000 - 0x00007ffb683a6000 	C:\Windows\System32\RPCRT4.dll
0x00007ffb69120000 - 0x00007ffb692bd000 	C:\Windows\System32\USER32.dll
0x00007ffb4b220000 - 0x00007ffb4b4ba000 	C:\Windows\WinSxS\amd64_microsoft.windows.common-controls_6595b64144ccf1df_6.0.19041.1110_none_60b5254171f9507e\COMCTL32.dll
0x00007ffb66ce0000 - 0x00007ffb66d02000 	C:\Windows\System32\win32u.dll
0x00007ffb68f80000 - 0x00007ffb68fac000 	C:\Windows\System32\GDI32.dll
0x00007ffb67410000 - 0x00007ffb67525000 	C:\Windows\System32\gdi32full.dll
0x00007ffb66ec0000 - 0x00007ffb66f5d000 	C:\Windows\System32\msvcp_win.dll
0x00007ffb58060000 - 0x00007ffb5806a000 	C:\Windows\SYSTEM32\VERSION.dll
0x00007ffb69050000 - 0x00007ffb69080000 	C:\Windows\System32\IMM32.DLL
0x00007ffb4fb60000 - 0x00007ffb4fb6c000 	C:\Program Files\Java\jdk-17\bin\vcruntime140_1.dll
0x00007ffb0c630000 - 0x00007ffb0c6be000 	C:\Program Files\Java\jdk-17\bin\msvcp140.dll
0x00007ffb076b0000 - 0x00007ffb0828d000 	C:\Program Files\Java\jdk-17\bin\server\jvm.dll
0x00007ffb683c0000 - 0x00007ffb683c8000 	C:\Windows\System32\PSAPI.DLL
0x00007ffb54440000 - 0x00007ffb54449000 	C:\Windows\SYSTEM32\WSOCK32.dll
0x00007ffb5ee80000 - 0x00007ffb5eea7000 	C:\Windows\SYSTEM32\WINMM.dll
0x00007ffb68020000 - 0x00007ffb6808b000 	C:\Windows\System32\WS2_32.dll
0x00007ffb654f0000 - 0x00007ffb65502000 	C:\Windows\SYSTEM32\kernel.appcore.dll
0x00007ffb4c970000 - 0x00007ffb4c97a000 	C:\Program Files\Java\jdk-17\bin\jimage.dll
0x00007ffb65200000 - 0x00007ffb653e4000 	C:\Windows\SYSTEM32\DBGHELP.DLL
0x00007ffb4c930000 - 0x00007ffb4c964000 	C:\Windows\SYSTEM32\dbgcore.DLL
0x00007ffb67530000 - 0x00007ffb675b2000 	C:\Windows\System32\bcryptPrimitives.dll
0x00007ffb0c5f0000 - 0x00007ffb0c5fe000 	C:\Program Files\Java\jdk-17\bin\instrument.dll
0x00007ffb365e0000 - 0x00007ffb36605000 	C:\Program Files\Java\jdk-17\bin\java.dll
0x00007ffb0b3d0000 - 0x00007ffb0b4a7000 	C:\Program Files\Java\jdk-17\bin\jsvml.dll
0x00007ffb67770000 - 0x00007ffb67eb4000 	C:\Windows\System32\SHELL32.dll
0x00007ffb64990000 - 0x00007ffb65124000 	C:\Windows\SYSTEM32\windows.storage.dll
0x00007ffb68c20000 - 0x00007ffb68f74000 	C:\Windows\System32\combase.dll
0x00007ffb66620000 - 0x00007ffb6664e000 	C:\Windows\SYSTEM32\Wldp.dll
0x00007ffb676c0000 - 0x00007ffb6776d000 	C:\Windows\System32\SHCORE.dll
0x00007ffb680f0000 - 0x00007ffb68145000 	C:\Windows\System32\shlwapi.dll
0x00007ffb66be0000 - 0x00007ffb66c05000 	C:\Windows\SYSTEM32\profapi.dll
0x00007ffb3ff50000 - 0x00007ffb3ff68000 	C:\Program Files\Java\jdk-17\bin\zip.dll
0x00007ffb410f0000 - 0x00007ffb41109000 	C:\Program Files\Java\jdk-17\bin\net.dll
0x00007ffb575a0000 - 0x00007ffb576aa000 	C:\Windows\SYSTEM32\WINHTTP.dll
0x00007ffb66380000 - 0x00007ffb663ea000 	C:\Windows\system32\mswsock.dll
0x00007ffb40ed0000 - 0x00007ffb40ee6000 	C:\Program Files\Java\jdk-17\bin\nio.dll
0x00007ffb0af90000 - 0x00007ffb0afaa000 	C:\Program Files\JetBrains\IntelliJ IDEA 2023.2\bin\breakgen64.dll
0x00007ffb660b0000 - 0x00007ffb6617a000 	C:\Windows\SYSTEM32\DNSAPI.dll
0x00007ffb66070000 - 0x00007ffb660ac000 	C:\Windows\SYSTEM32\IPHLPAPI.DLL
0x00007ffb692c0000 - 0x00007ffb692c8000 	C:\Windows\System32\NSI.dll
0x00007ffb55ee0000 - 0x00007ffb55eea000 	C:\Windows\System32\rasadhlp.dll
0x00007ffb56070000 - 0x00007ffb560f2000 	C:\Windows\System32\fwpuclnt.dll
0x00007ffb66cb0000 - 0x00007ffb66cd7000 	C:\Windows\System32\bcrypt.dll
0x00007ffb0b0e0000 - 0x00007ffb0b0ea000 	C:\Program Files\Java\jdk-17\bin\management.dll
0x00007ffb0b0d0000 - 0x00007ffb0b0db000 	C:\Program Files\Java\jdk-17\bin\management_ext.dll
0x00007ffb66570000 - 0x00007ffb66588000 	C:\Windows\SYSTEM32\CRYPTSP.dll
0x00007ffb65ca0000 - 0x00007ffb65cd4000 	C:\Windows\system32\rsaenh.dll
0x00007ffb66ba0000 - 0x00007ffb66bce000 	C:\Windows\SYSTEM32\USERENV.dll
0x00007ffb66590000 - 0x00007ffb6659c000 	C:\Windows\SYSTEM32\CRYPTBASE.dll
0x00007ffb57a20000 - 0x00007ffb57a37000 	C:\Windows\SYSTEM32\dhcpcsvc6.DLL
0x00007ffb582b0000 - 0x00007ffb582cd000 	C:\Windows\SYSTEM32\dhcpcsvc.DLL
0x00007ffb4b060000 - 0x00007ffb4b077000 	C:\Windows\system32\napinsp.dll
0x00007ffb45a20000 - 0x00007ffb45a3b000 	C:\Windows\system32\pnrpnsp.dll
0x00007ffb449a0000 - 0x00007ffb449b5000 	C:\Windows\system32\wshbth.dll
0x00007ffb61f00000 - 0x00007ffb61f1d000 	C:\Windows\system32\NLAapi.dll
0x00007ffb44720000 - 0x00007ffb44732000 	C:\Windows\System32\winrnr.dll

dbghelp: loaded successfully - version: 4.0.5 - missing functions: none
symbol engine: initialized successfully - sym options: 0x614 - pdb path: .;C:\Program Files\Java\jdk-17\bin;C:\Windows\SYSTEM32;C:\Windows\WinSxS\amd64_microsoft.windows.common-controls_6595b64144ccf1df_6.0.19041.1110_none_60b5254171f9507e;C:\Program Files\Java\jdk-17\bin\server;C:\Program Files\JetBrains\IntelliJ IDEA 2023.2\bin

VM Arguments:
jvm_args: -XX:TieredStopAtLevel=1 -Dspring.output.ansi.enabled=always -Dcom.sun.management.jmxremote -Dspring.jmx.enabled=true -Dspring.liveBeansView.mbeanDomain -Dspring.application.admin.enabled=true -Dmanagement.endpoints.jmx.exposure.include=* -javaagent:C:\Program Files\JetBrains\IntelliJ IDEA 2023.2\lib\idea_rt.jar=54327:C:\Program Files\JetBrains\IntelliJ IDEA 2023.2\bin -Dfile.encoding=UTF-8 
java_command: com.demo.ebankingbackend.EBankingBackendApplication
java_class_path (initial): C:\Users\Salah\IdeaProjects\eBanking-Backend\target\classes;C:\Users\Salah\.m2\repository\org\springframework\boot\spring-boot-starter-data-jpa\3.1.2\spring-boot-starter-data-jpa-3.1.2.jar;C:\Users\Salah\.m2\repository\org\springframework\boot\spring-boot-starter-aop\3.1.2\spring-boot-starter-aop-3.1.2.jar;C:\Users\Salah\.m2\repository\org\springframework\spring-aop\6.0.11\spring-aop-6.0.11.jar;C:\Users\Salah\.m2\repository\org\aspectj\aspectjweaver\1.9.19\aspectjweaver-1.9.19.jar;C:\Users\Salah\.m2\repository\org\springframework\boot\spring-boot-starter-jdbc\3.1.2\spring-boot-starter-jdbc-3.1.2.jar;C:\Users\Salah\.m2\repository\com\zaxxer\HikariCP\5.0.1\HikariCP-5.0.1.jar;C:\Users\Salah\.m2\repository\org\springframework\spring-jdbc\6.0.11\spring-jdbc-6.0.11.jar;C:\Users\Salah\.m2\repository\org\hibernate\orm\hibernate-core\6.2.6.Final\hibernate-core-6.2.6.Final.jar;C:\Users\Salah\.m2\repository\jakarta\persistence\jakarta.persistence-api\3.1.0\jakarta.persistence-api-3.1.0.jar;C:\Users\Salah\.m2\repository\jakarta\transaction\jakarta.transaction-api\2.0.1\jakarta.transaction-api-2.0.1.jar;C:\Users\Salah\.m2\repository\org\jboss\logging\jboss-logging\3.5.3.Final\jboss-logging-3.5.3.Final.jar;C:\Users\Salah\.m2\repository\org\hibernate\common\hibernate-commons-annotations\6.0.6.Final\hibernate-commons-annotations-6.0.6.Final.jar;C:\Users\Salah\.m2\repository\io\smallrye\jandex\3.0.5\jandex-3.0.5.jar;C:\Users\Salah\.m2\repository\com\fasterxml\classmate\1.5.1\classmate-1.5.1.jar;C:\Users\Salah\.m2\repository\net\bytebuddy\byte-buddy\1.14.5\byte-buddy-1.14.5.jar;C:\Users\Salah\.m2\repository\org\glassfish\jaxb\jaxb-runtime\4.0.3\jaxb-runtime-4.0.3.jar;C:\Users\Salah\.m2\repository\org\glassfish\jaxb\jaxb-core\4.0.3\jaxb-core-4.0.3.jar;C:\Users\Salah\.m2\repository\org\eclipse\angus\angus-activation\2.0.1\angus-activation-2.0.1.jar;C:\Users\Salah\.m2\repository\org\glassfish\jaxb\txw2\4.0.3\txw2-4.0.3.jar;C:\Users\Salah\.m2\repository\com\s
Launcher Type: SUN_STANDARD

[Global flags]
     intx CICompilerCount                          = 3                                         {product} {ergonomic}
     uint ConcGCThreads                            = 1                                         {product} {ergonomic}
     uint G1ConcRefinementThreads                  = 4                                         {product} {ergonomic}
   size_t G1HeapRegionSize                         = 1048576                                   {product} {ergonomic}
    uintx GCDrainStackTargetSize                   = 64                                        {product} {ergonomic}
   size_t InitialHeapSize                          = 134217728                                 {product} {ergonomic}
     bool ManagementServer                         = true                                      {product} {command line}
   size_t MarkStackSize                            = 4194304                                   {product} {ergonomic}
   size_t MaxHeapSize                              = 2118123520                                {product} {ergonomic}
   size_t MaxNewSize                               = 1270874112                                {product} {ergonomic}
   size_t MinHeapDeltaBytes                        = 1048576                                   {product} {ergonomic}
   size_t MinHeapSize                              = 8388608                                   {product} {ergonomic}
    uintx NonProfiledCodeHeapSize                  = 0                                      {pd product} {ergonomic}
     bool ProfileInterpreter                       = false                                  {pd product} {command line}
    uintx ProfiledCodeHeapSize                     = 0                                      {pd product} {ergonomic}
   size_t SoftMaxHeapSize                          = 2118123520                             {manageable} {ergonomic}
     intx TieredStopAtLevel                        = 1                                         {product} {command line}
     bool UseCompressedClassPointers               = true                           {product lp64_product} {ergonomic}
     bool UseCompressedOops                        = true                           {product lp64_product} {ergonomic}
     bool UseG1GC                                  = true                                      {product} {ergonomic}
     bool UseLargePagesIndividualAllocation        = false                                  {pd product} {ergonomic}

Logging:
Log output configuration:
 #0: stdout all=warning uptime,level,tags
 #1: stderr all=off uptime,level,tags

Environment Variables:
PATH=C:\Program Files\Common Files\Oracle\Java\javapath;C:\Windows\system32;C:\Windows;C:\Windows\System32\Wbem;C:\Windows\System32\WindowsPowerShell\v1.0\;C:\Windows\System32\OpenSSH\;C:\Tools\apache-maven-3.9.3\bin;C:\Program Files\Java\jdk-17\bin;C:\Program Files\nodejs\;C:\Users\Salah\AppData\Local\Microsoft\WindowsApps;C:\Program Files\JetBrains\IntelliJ IDEA Community Edition 2023.1.3\bin;;C:\Program Files\JetBrains\IntelliJ IDEA 232.8296.17\bin;;C:\Tools\apache-maven-3.9.3\bin;C:\Users\Salah\AppData\Roaming\npm
USERNAME=Salah
OS=Windows_NT
PROCESSOR_IDENTIFIER=Intel64 Family 6 Model 142 Stepping 9, GenuineIntel



---------------  S Y S T E M  ---------------

OS:
 Windows 10 , 64 bit Build 19041 (10.0.19041.3155)
OS uptime: 0 days 18:32 hours

CPU: total 4 (initial active 4) (2 cores per cpu, 2 threads per core) family 6 model 142 stepping 9 microcode 0xf0, cx8, cmov, fxsr, ht, mmx, 3dnowpref, sse, sse2, sse3, ssse3, sse4.1, sse4.2, popcnt, lzcnt, tsc, tscinvbit, avx, avx2, aes, erms, clmul, bmi1, bmi2, rtm, adx, fma, vzeroupper, clflush, clflushopt

Memory: 4k page, system-wide physical 8073M (580M free)
TotalPageFile size 10457M (AvailPageFile size 1M)
current process WorkingSet (physical memory assigned to process): 67M, peak: 67M
current process commit charge ("private bytes"): 213M, peak: 213M

vm_info: Java HotSpot(TM) 64-Bit Server VM (17.0.7+8-LTS-224) for windows-amd64 JRE (17.0.7+8-LTS-224), built on Feb 28 2023 23:03:02 by "mach5one" with MS VC++ 17.1 (VS2022)

END.
